

================================================================
== Vitis HLS Report for 'BackPropagateDecoderWeightChanges'
================================================================
* Date:           Thu Jul 13 23:01:23 2023

* Version:        2022.1 (Build 3526262 on Mon Apr 18 15:48:16 MDT 2022)
* Project:        HLS
* Solution:       solution1 (Vivado IP Flow Target)
* Product family: zynq
* Target device:  xc7z020-clg400-1


================================================================
== Performance Estimates
================================================================
+ Timing: 
    * Summary: 
    +--------+----------+----------+------------+
    |  Clock |  Target  | Estimated| Uncertainty|
    +--------+----------+----------+------------+
    |ap_clk  |  10.00 ns|  5.232 ns|     2.70 ns|
    +--------+----------+----------+------------+

+ Latency: 
    * Summary: 
    +---------+---------+----------+----------+-----+-----+---------+
    |  Latency (cycles) |  Latency (absolute) |  Interval | Pipeline|
    |   min   |   max   |    min   |    max   | min | max |   Type  |
    +---------+---------+----------+----------+-----+-----+---------+
    |       57|       57|  0.570 us|  0.570 us|   57|   57|       no|
    +---------+---------+----------+----------+-----+-----+---------+

    + Detail: 
        * Instance: 
        +-------------------------------------------------------------+---------------------------------------------------+---------+---------+----------+----------+-----+-----+---------+
        |                                                             |                                                   |  Latency (cycles) |  Latency (absolute) |  Interval | Pipeline|
        |                           Instance                          |                       Module                      |   min   |   max   |    min   |    max   | min | max |   Type  |
        +-------------------------------------------------------------+---------------------------------------------------+---------+---------+----------+----------+-----+-----+---------+
        |grp_BackPropagateDecoderWeightChanges_Pipeline_Loop31_fu_46  |BackPropagateDecoderWeightChanges_Pipeline_Loop31  |       12|       12|  0.120 us|  0.120 us|   12|   12|       no|
        +-------------------------------------------------------------+---------------------------------------------------+---------+---------+----------+----------+-----+-----+---------+

        * Loop: 
        +----------+---------+---------+----------+-----------+-----------+------+----------+
        |          |  Latency (cycles) | Iteration|  Initiation Interval  | Trip |          |
        | Loop Name|   min   |   max   |  Latency |  achieved |   target  | Count| Pipelined|
        +----------+---------+---------+----------+-----------+-----------+------+----------+
        |- Loop3   |       56|       56|        14|          -|          -|     4|        no|
        +----------+---------+---------+----------+-----------+-----------+------+----------+



================================================================
== Utilization Estimates
================================================================
* Summary: 
+-----------------+---------+-----+--------+-------+-----+
|       Name      | BRAM_18K| DSP |   FF   |  LUT  | URAM|
+-----------------+---------+-----+--------+-------+-----+
|DSP              |        -|    -|       -|      -|    -|
|Expression       |        -|    -|       0|     22|    -|
|FIFO             |        -|    -|       -|      -|    -|
|Instance         |        -|    -|       6|     63|    -|
|Memory           |        -|    -|       -|      -|    -|
|Multiplexer      |        -|    -|       -|     38|    -|
|Register         |        -|    -|      12|      -|    -|
+-----------------+---------+-----+--------+-------+-----+
|Total            |        0|    0|      18|    123|    0|
+-----------------+---------+-----+--------+-------+-----+
|Available        |      280|  220|  106400|  53200|    0|
+-----------------+---------+-----+--------+-------+-----+
|Utilization (%)  |        0|    0|      ~0|     ~0|    0|
+-----------------+---------+-----+--------+-------+-----+

+ Detail: 
    * Instance: 
    +-------------------------------------------------------------+---------------------------------------------------+---------+----+---+----+-----+
    |                           Instance                          |                       Module                      | BRAM_18K| DSP| FF| LUT| URAM|
    +-------------------------------------------------------------+---------------------------------------------------+---------+----+---+----+-----+
    |grp_BackPropagateDecoderWeightChanges_Pipeline_Loop31_fu_46  |BackPropagateDecoderWeightChanges_Pipeline_Loop31  |        0|   0|  6|  63|    0|
    +-------------------------------------------------------------+---------------------------------------------------+---------+----+---+----+-----+
    |Total                                                        |                                                   |        0|   0|  6|  63|    0|
    +-------------------------------------------------------------+---------------------------------------------------+---------+----+---+----+-----+

    * DSP: 
    N/A

    * Memory: 
    N/A

    * FIFO: 
    N/A

    * Expression: 
    +---------------------+----------+----+---+----+------------+------------+
    |    Variable Name    | Operation| DSP| FF| LUT| Bitwidth P0| Bitwidth P1|
    +---------------------+----------+----+---+----+------------+------------+
    |add_ln236_fu_67_p2   |         +|   0|  0|  11|           3|           1|
    |icmp_ln236_fu_61_p2  |      icmp|   0|  0|   9|           3|           4|
    |ap_block_state1      |        or|   0|  0|   2|           1|           1|
    +---------------------+----------+----+---+----+------------+------------+
    |Total                |          |   0|  0|  22|           7|           6|
    +---------------------+----------+----+---+----+------------+------------+

    * Multiplexer: 
    +-----------+----+-----------+-----+-----------+
    |    Name   | LUT| Input Size| Bits| Total Bits|
    +-----------+----+-----------+-----+-----------+
    |ap_NS_fsm  |  20|          4|    1|          4|
    |ap_done    |   9|          2|    1|          2|
    |d_fu_28    |   9|          2|    3|          6|
    +-----------+----+-----------+-----+-----------+
    |Total      |  38|          8|    5|         12|
    +-----------+----+-----------+-----+-----------+

    * Register: 
    +--------------------------------------------------------------------------+---+----+-----+-----------+
    |                                   Name                                   | FF| LUT| Bits| Const Bits|
    +--------------------------------------------------------------------------+---+----+-----+-----------+
    |ap_CS_fsm                                                                 |  3|   0|    3|          0|
    |ap_done_reg                                                               |  1|   0|    1|          0|
    |d_fu_28                                                                   |  3|   0|    3|          0|
    |grp_BackPropagateDecoderWeightChanges_Pipeline_Loop31_fu_46_ap_start_reg  |  1|   0|    1|          0|
    |tmp_6_reg_108                                                             |  4|   0|    5|          1|
    +--------------------------------------------------------------------------+---+----+-----+-----------+
    |Total                                                                     | 12|   0|   13|          1|
    +--------------------------------------------------------------------------+---+----+-----+-----------+



================================================================
== Interface
================================================================
* Summary: 
+-------------------------------+-----+-----+------------+-----------------------------------+--------------+
|           RTL Ports           | Dir | Bits|  Protocol  |           Source Object           |    C Type    |
+-------------------------------+-----+-----+------------+-----------------------------------+--------------+
|ap_clk                         |   in|    1|  ap_ctrl_hs|  BackPropagateDecoderWeightChanges|  return value|
|ap_rst                         |   in|    1|  ap_ctrl_hs|  BackPropagateDecoderWeightChanges|  return value|
|ap_start                       |   in|    1|  ap_ctrl_hs|  BackPropagateDecoderWeightChanges|  return value|
|ap_done                        |  out|    1|  ap_ctrl_hs|  BackPropagateDecoderWeightChanges|  return value|
|ap_continue                    |   in|    1|  ap_ctrl_hs|  BackPropagateDecoderWeightChanges|  return value|
|ap_idle                        |  out|    1|  ap_ctrl_hs|  BackPropagateDecoderWeightChanges|  return value|
|ap_ready                       |  out|    1|  ap_ctrl_hs|  BackPropagateDecoderWeightChanges|  return value|
|DecoderWeightChanges_address0  |  out|    6|   ap_memory|               DecoderWeightChanges|         array|
|DecoderWeightChanges_ce0       |  out|    1|   ap_memory|               DecoderWeightChanges|         array|
|DecoderWeightChanges_we0       |  out|    1|   ap_memory|               DecoderWeightChanges|         array|
|DecoderWeightChanges_d0        |  out|    1|   ap_memory|               DecoderWeightChanges|         array|
|Deltas_address0                |  out|    2|   ap_memory|                             Deltas|         array|
|Deltas_ce0                     |  out|    1|   ap_memory|                             Deltas|         array|
|Deltas_we0                     |  out|    1|   ap_memory|                             Deltas|         array|
|Deltas_d0                      |  out|    1|   ap_memory|                             Deltas|         array|
+-------------------------------+-----+-----+------------+-----------------------------------+--------------+

