

================================================================
== Vitis HLS Report for 'BackPropagateEncoderWeightsChanges'
================================================================
* Date:           Thu Jul 13 23:01:24 2023

* Version:        2022.1 (Build 3526262 on Mon Apr 18 15:48:16 MDT 2022)
* Project:        HLS
* Solution:       solution1 (Vivado IP Flow Target)
* Product family: zynq
* Target device:  xc7z020-clg400-1


================================================================
== Performance Estimates
================================================================
+ Timing: 
    * Summary: 
    +--------+----------+----------+------------+
    |  Clock |  Target  | Estimated| Uncertainty|
    +--------+----------+----------+------------+
    |ap_clk  |  10.00 ns|  4.102 ns|     2.70 ns|
    +--------+----------+----------+------------+

+ Latency: 
    * Summary: 
    +---------+---------+----------+----------+-----+-----+---------+
    |  Latency (cycles) |  Latency (absolute) |  Interval | Pipeline|
    |   min   |   max   |    min   |    max   | min | max |   Type  |
    +---------+---------+----------+----------+-----+-----+---------+
    |       60|       60|  0.600 us|  0.600 us|   60|   60|       no|
    +---------+---------+----------+----------+-----+-----+---------+

    + Detail: 
        * Instance: 
        N/A

        * Loop: 
        +--------------------+---------+---------+----------+-----------+-----------+------+----------+
        |                    |  Latency (cycles) | Iteration|  Initiation Interval  | Trip |          |
        |      Loop Name     |   min   |   max   |  Latency |  achieved |   target  | Count| Pipelined|
        +--------------------+---------+---------+----------+-----------+-----------+------+----------+
        |- VITIS_LOOP_265_1  |       10|       10|         1|          -|          -|    10|        no|
        |- Loop5             |       48|       48|        12|          -|          -|     4|        no|
        | + Loop51           |       10|       10|         1|          -|          -|    10|        no|
        +--------------------+---------+---------+----------+-----------+-----------+------+----------+



================================================================
== Utilization Estimates
================================================================
* Summary: 
+-----------------+---------+-----+--------+-------+-----+
|       Name      | BRAM_18K| DSP |   FF   |  LUT  | URAM|
+-----------------+---------+-----+--------+-------+-----+
|DSP              |        -|    -|       -|      -|    -|
|Expression       |        -|    -|       0|     80|    -|
|FIFO             |        -|    -|       -|      -|    -|
|Instance         |        -|    -|       -|      -|    -|
|Memory           |        -|    -|       -|      -|    -|
|Multiplexer      |        -|    -|       -|     61|    -|
|Register         |        -|    -|      23|      -|    -|
+-----------------+---------+-----+--------+-------+-----+
|Total            |        0|    0|      23|    141|    0|
+-----------------+---------+-----+--------+-------+-----+
|Available        |      280|  220|  106400|  53200|    0|
+-----------------+---------+-----+--------+-------+-----+
|Utilization (%)  |        0|    0|      ~0|     ~0|    0|
+-----------------+---------+-----+--------+-------+-----+

+ Detail: 
    * Instance: 
    N/A

    * DSP: 
    N/A

    * Memory: 
    N/A

    * FIFO: 
    N/A

    * Expression: 
    +----------------------+----------+----+---+----+------------+------------+
    |     Variable Name    | Operation| DSP| FF| LUT| Bitwidth P0| Bitwidth P1|
    +----------------------+----------+----+---+----+------------+------------+
    |add_ln265_fu_104_p2   |         +|   0|  0|  13|           4|           1|
    |add_ln282_fu_129_p2   |         +|   0|  0|  11|           3|           1|
    |add_ln285_fu_163_p2   |         +|   0|  0|  13|           4|           1|
    |add_ln291_fu_169_p2   |         +|   0|  0|  14|           6|           6|
    |icmp_ln265_fu_98_p2   |      icmp|   0|  0|   9|           4|           4|
    |icmp_ln282_fu_123_p2  |      icmp|   0|  0|   9|           3|           4|
    |icmp_ln285_fu_157_p2  |      icmp|   0|  0|   9|           4|           4|
    |ap_block_state1       |        or|   0|  0|   2|           1|           1|
    +----------------------+----------+----+---+----+------------+------------+
    |Total                 |          |   0|  0|  80|          29|          22|
    +----------------------+----------+----+---+----+------------+------------+

    * Multiplexer: 
    +------------+----+-----------+-----+-----------+
    |    Name    | LUT| Input Size| Bits| Total Bits|
    +------------+----+-----------+-----+-----------+
    |ap_NS_fsm   |  25|          5|    1|          5|
    |ap_done     |   9|          2|    1|          2|
    |d_fu_42     |   9|          2|    3|          6|
    |h_1_reg_74  |   9|          2|    4|          8|
    |h_fu_38     |   9|          2|    4|          8|
    +------------+----+-----------+-----+-----------+
    |Total       |  61|         13|   13|         29|
    +------------+----+-----------+-----+-----------+

    * Register: 
    +--------------------+---+----+-----+-----------+
    |        Name        | FF| LUT| Bits| Const Bits|
    +--------------------+---+----+-----+-----------+
    |add_ln282_reg_203   |  3|   0|    3|          0|
    |ap_CS_fsm           |  4|   0|    4|          0|
    |ap_done_reg         |  1|   0|    1|          0|
    |d_fu_42             |  3|   0|    3|          0|
    |h_1_reg_74          |  4|   0|    4|          0|
    |h_fu_38             |  4|   0|    4|          0|
    |zext_ln285_reg_208  |  4|   0|    6|          2|
    +--------------------+---+----+-----+-----------+
    |Total               | 23|   0|   25|          2|
    +--------------------+---+----+-----+-----------+



================================================================
== Interface
================================================================
* Summary: 
+-------------------------------+-----+-----+------------+------------------------------------+--------------+
|           RTL Ports           | Dir | Bits|  Protocol  |            Source Object           |    C Type    |
+-------------------------------+-----+-----+------------+------------------------------------+--------------+
|ap_clk                         |   in|    1|  ap_ctrl_hs|  BackPropagateEncoderWeightsChanges|  return value|
|ap_rst                         |   in|    1|  ap_ctrl_hs|  BackPropagateEncoderWeightsChanges|  return value|
|ap_start                       |   in|    1|  ap_ctrl_hs|  BackPropagateEncoderWeightsChanges|  return value|
|ap_done                        |  out|    1|  ap_ctrl_hs|  BackPropagateEncoderWeightsChanges|  return value|
|ap_continue                    |   in|    1|  ap_ctrl_hs|  BackPropagateEncoderWeightsChanges|  return value|
|ap_idle                        |  out|    1|  ap_ctrl_hs|  BackPropagateEncoderWeightsChanges|  return value|
|ap_ready                       |  out|    1|  ap_ctrl_hs|  BackPropagateEncoderWeightsChanges|  return value|
|EncoderWeightChanges_address0  |  out|    6|   ap_memory|                EncoderWeightChanges|         array|
|EncoderWeightChanges_ce0       |  out|    1|   ap_memory|                EncoderWeightChanges|         array|
|EncoderWeightChanges_we0       |  out|    1|   ap_memory|                EncoderWeightChanges|         array|
|EncoderWeightChanges_d0        |  out|    1|   ap_memory|                EncoderWeightChanges|         array|
|TotalErrorDeltas_address0      |  out|    6|   ap_memory|                    TotalErrorDeltas|         array|
|TotalErrorDeltas_ce0           |  out|    1|   ap_memory|                    TotalErrorDeltas|         array|
|TotalErrorDeltas_we0           |  out|    1|   ap_memory|                    TotalErrorDeltas|         array|
|TotalErrorDeltas_d0            |  out|    1|   ap_memory|                    TotalErrorDeltas|         array|
+-------------------------------+-----+-----+------------+------------------------------------+--------------+

