

================================================================
== Vitis HLS Report for 'BackPropagateDecoderWeightChanges_Pipeline_Loop31'
================================================================
* Date:           Thu Jul 13 23:01:23 2023

* Version:        2022.1 (Build 3526262 on Mon Apr 18 15:48:16 MDT 2022)
* Project:        HLS
* Solution:       solution1 (Vivado IP Flow Target)
* Product family: zynq
* Target device:  xc7z020-clg400-1


================================================================
== Performance Estimates
================================================================
+ Timing: 
    * Summary: 
    +--------+----------+----------+------------+
    |  Clock |  Target  | Estimated| Uncertainty|
    +--------+----------+----------+------------+
    |ap_clk  |  10.00 ns|  4.102 ns|     2.70 ns|
    +--------+----------+----------+------------+

+ Latency: 
    * Summary: 
    +---------+---------+----------+----------+-----+-----+---------+
    |  Latency (cycles) |  Latency (absolute) |  Interval | Pipeline|
    |   min   |   max   |    min   |    max   | min | max |   Type  |
    +---------+---------+----------+----------+-----+-----+---------+
    |       12|       12|  0.120 us|  0.120 us|   12|   12|       no|
    +---------+---------+----------+----------+-----+-----+---------+

    + Detail: 
        * Instance: 
        N/A

        * Loop: 
        +----------+---------+---------+----------+-----------+-----------+------+----------+
        |          |  Latency (cycles) | Iteration|  Initiation Interval  | Trip |          |
        | Loop Name|   min   |   max   |  Latency |  achieved |   target  | Count| Pipelined|
        +----------+---------+---------+----------+-----------+-----------+------+----------+
        |- Loop31  |       10|       10|         1|          1|          1|    10|       yes|
        +----------+---------+---------+----------+-----------+-----------+------+----------+



================================================================
== Utilization Estimates
================================================================
* Summary: 
+-----------------+---------+-----+--------+-------+-----+
|       Name      | BRAM_18K| DSP |   FF   |  LUT  | URAM|
+-----------------+---------+-----+--------+-------+-----+
|DSP              |        -|    -|       -|      -|    -|
|Expression       |        -|    -|       0|     36|    -|
|FIFO             |        -|    -|       -|      -|    -|
|Instance         |        -|    -|       -|      -|    -|
|Memory           |        -|    -|       -|      -|    -|
|Multiplexer      |        -|    -|       -|     27|    -|
|Register         |        -|    -|       6|      -|    -|
+-----------------+---------+-----+--------+-------+-----+
|Total            |        0|    0|       6|     63|    0|
+-----------------+---------+-----+--------+-------+-----+
|Available        |      280|  220|  106400|  53200|    0|
+-----------------+---------+-----+--------+-------+-----+
|Utilization (%)  |        0|    0|      ~0|     ~0|    0|
+-----------------+---------+-----+--------+-------+-----+

+ Detail: 
    * Instance: 
    N/A

    * DSP: 
    N/A

    * Memory: 
    N/A

    * FIFO: 
    N/A

    * Expression: 
    +---------------------+----------+----+---+----+------------+------------+
    |    Variable Name    | Operation| DSP| FF| LUT| Bitwidth P0| Bitwidth P1|
    +---------------------+----------+----+---+----+------------+------------+
    |add_ln247_fu_76_p2   |         +|   0|  0|  13|           4|           1|
    |add_ln252_fu_86_p2   |         +|   0|  0|  14|           6|           6|
    |icmp_ln247_fu_70_p2  |      icmp|   0|  0|   9|           4|           4|
    +---------------------+----------+----+---+----+------------+------------+
    |Total                |          |   0|  0|  36|          14|          11|
    +---------------------+----------+----+---+----+------------+------------+

    * Multiplexer: 
    +----------------------+----+-----------+-----+-----------+
    |         Name         | LUT| Input Size| Bits| Total Bits|
    +----------------------+----+-----------+-----+-----------+
    |ap_done_int           |   9|          2|    1|          2|
    |ap_sig_allocacmp_h_3  |   9|          2|    4|          8|
    |h_fu_34               |   9|          2|    4|          8|
    +----------------------+----+-----------+-----+-----------+
    |Total                 |  27|          6|    9|         18|
    +----------------------+----+-----------+-----+-----------+

    * Register: 
    +-------------+---+----+-----+-----------+
    |     Name    | FF| LUT| Bits| Const Bits|
    +-------------+---+----+-----+-----------+
    |ap_CS_fsm    |  1|   0|    1|          0|
    |ap_done_reg  |  1|   0|    1|          0|
    |h_fu_34      |  4|   0|    4|          0|
    +-------------+---+----+-----+-----------+
    |Total        |  6|   0|    6|          0|
    +-------------+---+----+-----+-----------+



================================================================
== Interface
================================================================
* Summary: 
+-------------------------------+-----+-----+------------+---------------------------------------------------+--------------+
|           RTL Ports           | Dir | Bits|  Protocol  |                   Source Object                   |    C Type    |
+-------------------------------+-----+-----+------------+---------------------------------------------------+--------------+
|ap_clk                         |   in|    1|  ap_ctrl_hs|  BackPropagateDecoderWeightChanges_Pipeline_Loop31|  return value|
|ap_rst                         |   in|    1|  ap_ctrl_hs|  BackPropagateDecoderWeightChanges_Pipeline_Loop31|  return value|
|ap_start                       |   in|    1|  ap_ctrl_hs|  BackPropagateDecoderWeightChanges_Pipeline_Loop31|  return value|
|ap_done                        |  out|    1|  ap_ctrl_hs|  BackPropagateDecoderWeightChanges_Pipeline_Loop31|  return value|
|ap_idle                        |  out|    1|  ap_ctrl_hs|  BackPropagateDecoderWeightChanges_Pipeline_Loop31|  return value|
|ap_ready                       |  out|    1|  ap_ctrl_hs|  BackPropagateDecoderWeightChanges_Pipeline_Loop31|  return value|
|zext_ln247                     |   in|    5|     ap_none|                                         zext_ln247|        scalar|
|DecoderWeightChanges_address0  |  out|    6|   ap_memory|                               DecoderWeightChanges|         array|
|DecoderWeightChanges_ce0       |  out|    1|   ap_memory|                               DecoderWeightChanges|         array|
|DecoderWeightChanges_we0       |  out|    1|   ap_memory|                               DecoderWeightChanges|         array|
|DecoderWeightChanges_d0        |  out|    1|   ap_memory|                               DecoderWeightChanges|         array|
+-------------------------------+-----+-----+------------+---------------------------------------------------+--------------+

