

================================================================
== Vitis HLS Report for 'BackPropagateEncoderWeightsChanges'
================================================================
* Date:           Thu Jul 13 23:01:10 2023

* Version:        2022.1 (Build 3526262 on Mon Apr 18 15:48:16 MDT 2022)
* Project:        HLS
* Solution:       solution1 (Vivado IP Flow Target)
* Product family: zynq
* Target device:  xc7z020-clg400-1


================================================================
== Performance Estimates
================================================================
+ Timing: 
    * Summary: 
    +--------+----------+----------+------------+
    |  Clock |  Target  | Estimated| Uncertainty|
    +--------+----------+----------+------------+
    |ap_clk  |  10.00 ns|  4.102 ns|     2.70 ns|
    +--------+----------+----------+------------+

+ Latency: 
    * Summary: 
    +---------+---------+----------+----------+-----+-----+---------+
    |  Latency (cycles) |  Latency (absolute) |  Interval | Pipeline|
    |   min   |   max   |    min   |    max   | min | max |   Type  |
    +---------+---------+----------+----------+-----+-----+---------+
    |       60|       60|  0.600 us|  0.600 us|   60|   60|       no|
    +---------+---------+----------+----------+-----+-----+---------+

    + Detail: 
        * Instance: 
        N/A

        * Loop: 
        +--------------------+---------+---------+----------+-----------+-----------+------+----------+
        |                    |  Latency (cycles) | Iteration|  Initiation Interval  | Trip |          |
        |      Loop Name     |   min   |   max   |  Latency |  achieved |   target  | Count| Pipelined|
        +--------------------+---------+---------+----------+-----------+-----------+------+----------+
        |- VITIS_LOOP_265_1  |       10|       10|         1|          -|          -|    10|        no|
        |- Loop5             |       48|       48|        12|          -|          -|     4|        no|
        | + Loop51           |       10|       10|         1|          -|          -|    10|        no|
        +--------------------+---------+---------+----------+-----------+-----------+------+----------+

============================================================
+ Verbose Summary: Synthesis Manager
============================================================
InlineROM: 1
ExposeGlobal: 0
============================================================
+ Verbose Summary: CDFG Model
============================================================
IsTopModel: 0
ResetActiveHigh: 1
IsCombinational: 2
IsDatapathOnly: 0
HasWiredReturn: 1
HasMFsm: 0
HasVarLatency: 1
IsPipeline: 0
IsRtlPipelined: 0
IsInstanceOverlapped: 0
IsDontTouch: 0
HasImplIP: 0
IsGatedGlobalClock: 0


============================================================
+ Verbose Summary: Schedule
============================================================
* Number of FSM states : 4
* Pipeline : 0
* Dataflow Pipeline: 0

* FSM state transitions: 
1 --> 2 
2 --> 2 3 
3 --> 4 
4 --> 4 3 

* FSM state operations: 

State 1 <SV = 0> <Delay = 1.58>
ST_1 : Operation 5 [1/1] (0.00ns)   --->   "%h = alloca i32 1"   --->   Operation 5 'alloca' 'h' <Predicate = true> <Delay = 0.00>
ST_1 : Operation 6 [1/1] (1.58ns)   --->   "%store_ln265 = store i4 0, i4 %h" [HLS/src/AutoEncoder.cpp:265]   --->   Operation 6 'store' 'store_ln265' <Predicate = true> <Delay = 1.58>
ST_1 : Operation 7 [1/1] (0.00ns)   --->   "%br_ln265 = br void %for.body" [HLS/src/AutoEncoder.cpp:265]   --->   Operation 7 'br' 'br_ln265' <Predicate = true> <Delay = 0.00>

State 2 <SV = 1> <Delay = 3.62>
ST_2 : Operation 8 [1/1] (0.00ns)   --->   "%h_2 = load i4 %h" [HLS/src/AutoEncoder.cpp:265]   --->   Operation 8 'load' 'h_2' <Predicate = true> <Delay = 0.00>
ST_2 : Operation 9 [1/1] (0.00ns)   --->   "%zext_ln265 = zext i4 %h_2" [HLS/src/AutoEncoder.cpp:265]   --->   Operation 9 'zext' 'zext_ln265' <Predicate = true> <Delay = 0.00>
ST_2 : Operation 10 [1/1] (1.30ns)   --->   "%icmp_ln265 = icmp_eq  i4 %h_2, i4 10" [HLS/src/AutoEncoder.cpp:265]   --->   Operation 10 'icmp' 'icmp_ln265' <Predicate = true> <Delay = 1.30> <CoreInst = "Cmp">   --->   Core 9 'Cmp' <Latency = 0> <II = 1> <Delay = 1.30> <FuncUnit> <Opcode : 'icmp'> <InPorts = 2> <OutPorts = 1>
ST_2 : Operation 11 [1/1] (0.00ns)   --->   "%empty = speclooptripcount i32 @_ssdm_op_SpecLoopTripCount, i64 10, i64 10, i64 10"   --->   Operation 11 'speclooptripcount' 'empty' <Predicate = true> <Delay = 0.00>
ST_2 : Operation 12 [1/1] (1.73ns)   --->   "%add_ln265 = add i4 %h_2, i4 1" [HLS/src/AutoEncoder.cpp:265]   --->   Operation 12 'add' 'add_ln265' <Predicate = true> <Delay = 1.73> <CoreInst = "Adder">   --->   Core 1 'Adder' <Latency = 0> <II = 1> <Delay = 1.73> <FuncUnit> <Opcode : 'add' 'sub'> <InPorts = 2> <OutPorts = 1>
ST_2 : Operation 13 [1/1] (0.00ns)   --->   "%br_ln265 = br i1 %icmp_ln265, void %for.body.split, void %Loop51.preheader" [HLS/src/AutoEncoder.cpp:265]   --->   Operation 13 'br' 'br_ln265' <Predicate = true> <Delay = 0.00>
ST_2 : Operation 14 [1/1] (0.00ns)   --->   "%specloopname_ln265 = specloopname void @_ssdm_op_SpecLoopName, void @empty_24" [HLS/src/AutoEncoder.cpp:265]   --->   Operation 14 'specloopname' 'specloopname_ln265' <Predicate = (!icmp_ln265)> <Delay = 0.00>
ST_2 : Operation 15 [1/1] (0.00ns)   --->   "%TotalErrorDeltas_addr = getelementptr i1 %TotalErrorDeltas, i64 0, i64 %zext_ln265" [HLS/src/AutoEncoder.cpp:267]   --->   Operation 15 'getelementptr' 'TotalErrorDeltas_addr' <Predicate = (!icmp_ln265)> <Delay = 0.00>
ST_2 : Operation 16 [1/1] (2.32ns)   --->   "%store_ln267 = store i1 0, i6 %TotalErrorDeltas_addr" [HLS/src/AutoEncoder.cpp:267]   --->   Operation 16 'store' 'store_ln267' <Predicate = (!icmp_ln265)> <Delay = 2.32> <CoreInst = "RAM">   --->   Core 82 'RAM' <Latency = 1> <II = 1> <Delay = 2.32> <Storage> <Opcode : 'load' 'store'> <Ports = 2> <Width = 1> <Depth = 40> <RAM>
ST_2 : Operation 17 [1/1] (1.58ns)   --->   "%store_ln265 = store i4 %add_ln265, i4 %h" [HLS/src/AutoEncoder.cpp:265]   --->   Operation 17 'store' 'store_ln265' <Predicate = (!icmp_ln265)> <Delay = 1.58>
ST_2 : Operation 18 [1/1] (0.00ns)   --->   "%br_ln265 = br void %for.body" [HLS/src/AutoEncoder.cpp:265]   --->   Operation 18 'br' 'br_ln265' <Predicate = (!icmp_ln265)> <Delay = 0.00>
ST_2 : Operation 19 [1/1] (0.00ns)   --->   "%d = alloca i32 1"   --->   Operation 19 'alloca' 'd' <Predicate = (icmp_ln265)> <Delay = 0.00>
ST_2 : Operation 20 [1/1] (1.58ns)   --->   "%store_ln282 = store i3 0, i3 %d" [HLS/src/AutoEncoder.cpp:282]   --->   Operation 20 'store' 'store_ln282' <Predicate = (icmp_ln265)> <Delay = 1.58>
ST_2 : Operation 21 [1/1] (0.00ns)   --->   "%br_ln282 = br void %Loop51" [HLS/src/AutoEncoder.cpp:282]   --->   Operation 21 'br' 'br_ln282' <Predicate = (icmp_ln265)> <Delay = 0.00>

State 3 <SV = 2> <Delay = 1.65>
ST_3 : Operation 22 [1/1] (0.00ns)   --->   "%d_1 = load i3 %d"   --->   Operation 22 'load' 'd_1' <Predicate = true> <Delay = 0.00>
ST_3 : Operation 23 [1/1] (1.13ns)   --->   "%icmp_ln282 = icmp_eq  i3 %d_1, i3 4" [HLS/src/AutoEncoder.cpp:282]   --->   Operation 23 'icmp' 'icmp_ln282' <Predicate = true> <Delay = 1.13> <CoreInst = "Cmp">   --->   Core 9 'Cmp' <Latency = 0> <II = 1> <Delay = 1.13> <FuncUnit> <Opcode : 'icmp'> <InPorts = 2> <OutPorts = 1>
ST_3 : Operation 24 [1/1] (0.00ns)   --->   "%empty_44 = speclooptripcount i32 @_ssdm_op_SpecLoopTripCount, i64 4, i64 4, i64 4"   --->   Operation 24 'speclooptripcount' 'empty_44' <Predicate = true> <Delay = 0.00>
ST_3 : Operation 25 [1/1] (1.65ns)   --->   "%add_ln282 = add i3 %d_1, i3 1" [HLS/src/AutoEncoder.cpp:282]   --->   Operation 25 'add' 'add_ln282' <Predicate = true> <Delay = 1.65> <CoreInst = "Adder">   --->   Core 1 'Adder' <Latency = 0> <II = 1> <Delay = 1.65> <FuncUnit> <Opcode : 'add' 'sub'> <InPorts = 2> <OutPorts = 1>
ST_3 : Operation 26 [1/1] (0.00ns)   --->   "%br_ln282 = br i1 %icmp_ln282, void %Loop51.split, void %for.end50" [HLS/src/AutoEncoder.cpp:282]   --->   Operation 26 'br' 'br_ln282' <Predicate = true> <Delay = 0.00>
ST_3 : Operation 27 [1/1] (0.00ns)   --->   "%specloopname_ln282 = specloopname void @_ssdm_op_SpecLoopName, void @empty_23" [HLS/src/AutoEncoder.cpp:282]   --->   Operation 27 'specloopname' 'specloopname_ln282' <Predicate = (!icmp_ln282)> <Delay = 0.00>
ST_3 : Operation 28 [1/1] (0.00ns)   --->   "%empty_45 = trunc i3 %d_1"   --->   Operation 28 'trunc' 'empty_45' <Predicate = (!icmp_ln282)> <Delay = 0.00>
ST_3 : Operation 29 [1/1] (0.00ns)   --->   "%tmp_1 = bitconcatenate i5 @_ssdm_op_BitConcatenate.i5.i2.i2.i1, i2 %empty_45, i2 %empty_45, i1 0"   --->   Operation 29 'bitconcatenate' 'tmp_1' <Predicate = (!icmp_ln282)> <Delay = 0.00>
ST_3 : Operation 30 [1/1] (0.00ns)   --->   "%zext_ln285 = zext i5 %tmp_1" [HLS/src/AutoEncoder.cpp:285]   --->   Operation 30 'zext' 'zext_ln285' <Predicate = (!icmp_ln282)> <Delay = 0.00>
ST_3 : Operation 31 [1/1] (1.58ns)   --->   "%br_ln285 = br void %for.body32" [HLS/src/AutoEncoder.cpp:285]   --->   Operation 31 'br' 'br_ln285' <Predicate = (!icmp_ln282)> <Delay = 1.58>
ST_3 : Operation 32 [1/1] (0.00ns)   --->   "%ret_ln295 = ret" [HLS/src/AutoEncoder.cpp:295]   --->   Operation 32 'ret' 'ret_ln295' <Predicate = (icmp_ln282)> <Delay = 0.00>

State 4 <SV = 3> <Delay = 4.10>
ST_4 : Operation 33 [1/1] (0.00ns)   --->   "%h_1 = phi i4 0, void %Loop51.split, i4 %add_ln285, void %for.body32.split" [HLS/src/AutoEncoder.cpp:285]   --->   Operation 33 'phi' 'h_1' <Predicate = true> <Delay = 0.00>
ST_4 : Operation 34 [1/1] (0.00ns)   --->   "%zext_ln285_1 = zext i4 %h_1" [HLS/src/AutoEncoder.cpp:285]   --->   Operation 34 'zext' 'zext_ln285_1' <Predicate = true> <Delay = 0.00>
ST_4 : Operation 35 [1/1] (1.30ns)   --->   "%icmp_ln285 = icmp_eq  i4 %h_1, i4 10" [HLS/src/AutoEncoder.cpp:285]   --->   Operation 35 'icmp' 'icmp_ln285' <Predicate = true> <Delay = 1.30> <CoreInst = "Cmp">   --->   Core 9 'Cmp' <Latency = 0> <II = 1> <Delay = 1.30> <FuncUnit> <Opcode : 'icmp'> <InPorts = 2> <OutPorts = 1>
ST_4 : Operation 36 [1/1] (0.00ns)   --->   "%empty_46 = speclooptripcount i32 @_ssdm_op_SpecLoopTripCount, i64 10, i64 10, i64 10"   --->   Operation 36 'speclooptripcount' 'empty_46' <Predicate = true> <Delay = 0.00>
ST_4 : Operation 37 [1/1] (1.73ns)   --->   "%add_ln285 = add i4 %h_1, i4 1" [HLS/src/AutoEncoder.cpp:285]   --->   Operation 37 'add' 'add_ln285' <Predicate = true> <Delay = 1.73> <CoreInst = "Adder">   --->   Core 1 'Adder' <Latency = 0> <II = 1> <Delay = 1.73> <FuncUnit> <Opcode : 'add' 'sub'> <InPorts = 2> <OutPorts = 1>
ST_4 : Operation 38 [1/1] (0.00ns)   --->   "%br_ln285 = br i1 %icmp_ln285, void %for.body32.split, void %for.inc48" [HLS/src/AutoEncoder.cpp:285]   --->   Operation 38 'br' 'br_ln285' <Predicate = true> <Delay = 0.00>
ST_4 : Operation 39 [1/1] (0.00ns)   --->   "%specloopname_ln285 = specloopname void @_ssdm_op_SpecLoopName, void @empty_22" [HLS/src/AutoEncoder.cpp:285]   --->   Operation 39 'specloopname' 'specloopname_ln285' <Predicate = (!icmp_ln285)> <Delay = 0.00>
ST_4 : Operation 40 [1/1] (1.78ns)   --->   "%add_ln291 = add i6 %zext_ln285, i6 %zext_ln285_1" [HLS/src/AutoEncoder.cpp:291]   --->   Operation 40 'add' 'add_ln291' <Predicate = (!icmp_ln285)> <Delay = 1.78> <CoreInst = "Adder">   --->   Core 1 'Adder' <Latency = 0> <II = 1> <Delay = 1.78> <FuncUnit> <Opcode : 'add' 'sub'> <InPorts = 2> <OutPorts = 1>
ST_4 : Operation 41 [1/1] (0.00ns)   --->   "%zext_ln291 = zext i6 %add_ln291" [HLS/src/AutoEncoder.cpp:291]   --->   Operation 41 'zext' 'zext_ln291' <Predicate = (!icmp_ln285)> <Delay = 0.00>
ST_4 : Operation 42 [1/1] (0.00ns)   --->   "%EncoderWeightChanges_addr = getelementptr i1 %EncoderWeightChanges, i64 0, i64 %zext_ln291" [HLS/src/AutoEncoder.cpp:291]   --->   Operation 42 'getelementptr' 'EncoderWeightChanges_addr' <Predicate = (!icmp_ln285)> <Delay = 0.00>
ST_4 : Operation 43 [1/1] (2.32ns)   --->   "%store_ln291 = store i1 0, i6 %EncoderWeightChanges_addr" [HLS/src/AutoEncoder.cpp:291]   --->   Operation 43 'store' 'store_ln291' <Predicate = (!icmp_ln285)> <Delay = 2.32> <CoreInst = "RAM">   --->   Core 82 'RAM' <Latency = 1> <II = 1> <Delay = 2.32> <Storage> <Opcode : 'load' 'store'> <Ports = 2> <Width = 1> <Depth = 40> <RAM>
ST_4 : Operation 44 [1/1] (0.00ns)   --->   "%br_ln285 = br void %for.body32" [HLS/src/AutoEncoder.cpp:285]   --->   Operation 44 'br' 'br_ln285' <Predicate = (!icmp_ln285)> <Delay = 0.00>
ST_4 : Operation 45 [1/1] (1.58ns)   --->   "%store_ln282 = store i3 %add_ln282, i3 %d" [HLS/src/AutoEncoder.cpp:282]   --->   Operation 45 'store' 'store_ln282' <Predicate = (icmp_ln285)> <Delay = 1.58>
ST_4 : Operation 46 [1/1] (0.00ns)   --->   "%br_ln282 = br void %Loop51" [HLS/src/AutoEncoder.cpp:282]   --->   Operation 46 'br' 'br_ln282' <Predicate = (icmp_ln285)> <Delay = 0.00>


============================================================
+ Verbose Summary: Binding
============================================================
STG Binding: 
---------------- STG Properties BEGIN ----------------
- Is combinational: 0
- Is one-state seq: 0
- Is datapath-only: 0
- Is pipelined: 0
- Is top level: 0
Port [ Return ] is wired: 1; IO mode=ap_ctrl_hs:ce=0
Port [ EncoderWeightChanges]:  wired=1; compound=1; hidden=0; nouse=0; global=0; static=0; extern=0; dir=1; type=1; pingpong=0; private_global=0; MemPort=[03]; IO mode=ap_memory:ce=0
Port [ TotalErrorDeltas]:  wired=1; compound=1; hidden=0; nouse=0; global=0; static=0; extern=0; dir=1; type=1; pingpong=0; private_global=0; MemPort=[03]; IO mode=ap_memory:ce=0
---------------- STG Properties END ------------------

---------------- Datapath Model BEGIN ----------------

<LifeTime>
<method=bitvector/>
h                         (alloca           ) [ 01100]
store_ln265               (store            ) [ 00000]
br_ln265                  (br               ) [ 00000]
h_2                       (load             ) [ 00000]
zext_ln265                (zext             ) [ 00000]
icmp_ln265                (icmp             ) [ 00100]
empty                     (speclooptripcount) [ 00000]
add_ln265                 (add              ) [ 00000]
br_ln265                  (br               ) [ 00000]
specloopname_ln265        (specloopname     ) [ 00000]
TotalErrorDeltas_addr     (getelementptr    ) [ 00000]
store_ln267               (store            ) [ 00000]
store_ln265               (store            ) [ 00000]
br_ln265                  (br               ) [ 00000]
d                         (alloca           ) [ 00111]
store_ln282               (store            ) [ 00000]
br_ln282                  (br               ) [ 00000]
d_1                       (load             ) [ 00000]
icmp_ln282                (icmp             ) [ 00011]
empty_44                  (speclooptripcount) [ 00000]
add_ln282                 (add              ) [ 00001]
br_ln282                  (br               ) [ 00000]
specloopname_ln282        (specloopname     ) [ 00000]
empty_45                  (trunc            ) [ 00000]
tmp_1                     (bitconcatenate   ) [ 00000]
zext_ln285                (zext             ) [ 00001]
br_ln285                  (br               ) [ 00011]
ret_ln295                 (ret              ) [ 00000]
h_1                       (phi              ) [ 00001]
zext_ln285_1              (zext             ) [ 00000]
icmp_ln285                (icmp             ) [ 00011]
empty_46                  (speclooptripcount) [ 00000]
add_ln285                 (add              ) [ 00011]
br_ln285                  (br               ) [ 00000]
specloopname_ln285        (specloopname     ) [ 00000]
add_ln291                 (add              ) [ 00000]
zext_ln291                (zext             ) [ 00000]
EncoderWeightChanges_addr (getelementptr    ) [ 00000]
store_ln291               (store            ) [ 00000]
br_ln285                  (br               ) [ 00011]
store_ln282               (store            ) [ 00000]
br_ln282                  (br               ) [ 00000]
</LifeTime>

<model>

<comp_list>
<comp id="0" class="1000" name="EncoderWeightChanges">
<pin_list>
<pin id="1" dir="1" index="0" bw="1" slack="0"/>
</pin_list>
<bind>
<StgValue><ssdm name="EncoderWeightChanges"/><MemPortTyVec>0 3 </MemPortTyVec>
</StgValue>
</bind>
</comp>

<comp id="2" class="1000" name="TotalErrorDeltas">
<pin_list>
<pin id="3" dir="1" index="0" bw="1" slack="0"/>
</pin_list>
<bind>
<StgValue><ssdm name="TotalErrorDeltas"/><MemPortTyVec>0 3 </MemPortTyVec>
</StgValue>
</bind>
</comp>

<comp id="4" class="1001" name="const_4">
<pin_list>
<pin id="5" dir="1" index="0" bw="1" slack="0"/>
</pin_list>
<bind>
<StgValue><ssdm name=""/></StgValue>
</bind>
</comp>

<comp id="6" class="1001" name="const_6">
<pin_list>
<pin id="7" dir="1" index="0" bw="1" slack="0"/>
</pin_list>
<bind>
<StgValue><ssdm name=""/></StgValue>
</bind>
</comp>

<comp id="8" class="1001" name="const_8">
<pin_list>
<pin id="9" dir="1" index="0" bw="1" slack="0"/>
</pin_list>
<bind>
<StgValue><ssdm name=""/></StgValue>
</bind>
</comp>

<comp id="10" class="1001" name="const_10">
<pin_list>
<pin id="11" dir="1" index="0" bw="1" slack="2147483647"/>
</pin_list>
<bind>
<StgValue><ssdm name="_ssdm_op_SpecLoopTripCount"/></StgValue>
</bind>
</comp>

<comp id="12" class="1001" name="const_12">
<pin_list>
<pin id="13" dir="1" index="0" bw="1" slack="2147483647"/>
</pin_list>
<bind>
<StgValue><ssdm name=""/></StgValue>
</bind>
</comp>

<comp id="14" class="1001" name="const_14">
<pin_list>
<pin id="15" dir="1" index="0" bw="1" slack="0"/>
</pin_list>
<bind>
<StgValue><ssdm name=""/></StgValue>
</bind>
</comp>

<comp id="16" class="1001" name="const_16">
<pin_list>
<pin id="17" dir="1" index="0" bw="1" slack="2147483647"/>
</pin_list>
<bind>
<StgValue><ssdm name="_ssdm_op_SpecLoopName"/></StgValue>
</bind>
</comp>

<comp id="18" class="1001" name="const_18">
<pin_list>
<pin id="19" dir="1" index="0" bw="1" slack="2147483647"/>
</pin_list>
<bind>
<StgValue><ssdm name="empty_24"/></StgValue>
</bind>
</comp>

<comp id="20" class="1001" name="const_20">
<pin_list>
<pin id="21" dir="1" index="0" bw="1" slack="0"/>
</pin_list>
<bind>
<StgValue><ssdm name=""/></StgValue>
</bind>
</comp>

<comp id="22" class="1001" name="const_22">
<pin_list>
<pin id="23" dir="1" index="0" bw="1" slack="0"/>
</pin_list>
<bind>
<StgValue><ssdm name=""/></StgValue>
</bind>
</comp>

<comp id="24" class="1001" name="const_24">
<pin_list>
<pin id="25" dir="1" index="0" bw="1" slack="0"/>
</pin_list>
<bind>
<StgValue><ssdm name=""/></StgValue>
</bind>
</comp>

<comp id="26" class="1001" name="const_26">
<pin_list>
<pin id="27" dir="1" index="0" bw="1" slack="0"/>
</pin_list>
<bind>
<StgValue><ssdm name=""/></StgValue>
</bind>
</comp>

<comp id="28" class="1001" name="const_28">
<pin_list>
<pin id="29" dir="1" index="0" bw="1" slack="2147483647"/>
</pin_list>
<bind>
<StgValue><ssdm name=""/></StgValue>
</bind>
</comp>

<comp id="30" class="1001" name="const_30">
<pin_list>
<pin id="31" dir="1" index="0" bw="1" slack="0"/>
</pin_list>
<bind>
<StgValue><ssdm name=""/></StgValue>
</bind>
</comp>

<comp id="32" class="1001" name="const_32">
<pin_list>
<pin id="33" dir="1" index="0" bw="1" slack="2147483647"/>
</pin_list>
<bind>
<StgValue><ssdm name="empty_23"/></StgValue>
</bind>
</comp>

<comp id="34" class="1001" name="const_34">
<pin_list>
<pin id="35" dir="1" index="0" bw="1" slack="0"/>
</pin_list>
<bind>
<StgValue><ssdm name="_ssdm_op_BitConcatenate.i5.i2.i2.i1"/></StgValue>
</bind>
</comp>

<comp id="36" class="1001" name="const_36">
<pin_list>
<pin id="37" dir="1" index="0" bw="1" slack="2147483647"/>
</pin_list>
<bind>
<StgValue><ssdm name="empty_22"/></StgValue>
</bind>
</comp>

<comp id="38" class="1004" name="h_fu_38">
<pin_list>
<pin id="39" dir="0" index="0" bw="1" slack="0"/>
<pin id="40" dir="1" index="1" bw="4" slack="0"/>
</pin_list>
<bind>
<opcode="alloca(26) " fcode="alloca"/>
<opset="h/1 "/>
</bind>
</comp>

<comp id="42" class="1004" name="d_fu_42">
<pin_list>
<pin id="43" dir="0" index="0" bw="1" slack="0"/>
<pin id="44" dir="1" index="1" bw="3" slack="0"/>
</pin_list>
<bind>
<opcode="alloca(26) " fcode="alloca"/>
<opset="d/2 "/>
</bind>
</comp>

<comp id="46" class="1004" name="TotalErrorDeltas_addr_gep_fu_46">
<pin_list>
<pin id="47" dir="0" index="0" bw="1" slack="0"/>
<pin id="48" dir="0" index="1" bw="1" slack="0"/>
<pin id="49" dir="0" index="2" bw="4" slack="0"/>
<pin id="50" dir="1" index="3" bw="6" slack="0"/>
</pin_list>
<bind>
<opcode="getelementptr(29) " fcode="getelementptr"/>
<opset="TotalErrorDeltas_addr/2 "/>
</bind>
</comp>

<comp id="53" class="1004" name="store_ln267_access_fu_53">
<pin_list>
<pin id="54" dir="0" index="0" bw="6" slack="0"/>
<pin id="55" dir="0" index="1" bw="1" slack="0"/>
<pin id="56" dir="0" index="2" bw="0" slack="2147483647"/>
<pin id="57" dir="1" index="3" bw="1" slack="2147483647"/>
</pin_list>
<bind>
<opcode="store(28) " fcode="store"/>
<opset="store_ln267/2 "/>
</bind>
</comp>

<comp id="60" class="1004" name="EncoderWeightChanges_addr_gep_fu_60">
<pin_list>
<pin id="61" dir="0" index="0" bw="1" slack="0"/>
<pin id="62" dir="0" index="1" bw="1" slack="0"/>
<pin id="63" dir="0" index="2" bw="6" slack="0"/>
<pin id="64" dir="1" index="3" bw="6" slack="0"/>
</pin_list>
<bind>
<opcode="getelementptr(29) " fcode="getelementptr"/>
<opset="EncoderWeightChanges_addr/4 "/>
</bind>
</comp>

<comp id="67" class="1004" name="store_ln291_access_fu_67">
<pin_list>
<pin id="68" dir="0" index="0" bw="6" slack="0"/>
<pin id="69" dir="0" index="1" bw="1" slack="0"/>
<pin id="70" dir="0" index="2" bw="0" slack="2147483647"/>
<pin id="71" dir="1" index="3" bw="1" slack="2147483647"/>
</pin_list>
<bind>
<opcode="store(28) " fcode="store"/>
<opset="store_ln291/4 "/>
</bind>
</comp>

<comp id="74" class="1005" name="h_1_reg_74">
<pin_list>
<pin id="75" dir="0" index="0" bw="4" slack="1"/>
<pin id="76" dir="1" index="1" bw="4" slack="1"/>
</pin_list>
<bind>
<opset="h_1 (phireg) "/>
</bind>
</comp>

<comp id="78" class="1004" name="h_1_phi_fu_78">
<pin_list>
<pin id="79" dir="0" index="0" bw="1" slack="1"/>
<pin id="80" dir="0" index="1" bw="0" slack="2147483647"/>
<pin id="81" dir="0" index="2" bw="4" slack="0"/>
<pin id="82" dir="0" index="3" bw="0" slack="2147483647"/>
<pin id="83" dir="1" index="4" bw="4" slack="0"/>
</pin_list>
<bind>
<opcode="phi(47) " fcode="phi"/>
<opset="h_1/4 "/>
</bind>
</comp>

<comp id="85" class="1004" name="store_ln265_store_fu_85">
<pin_list>
<pin id="86" dir="0" index="0" bw="1" slack="0"/>
<pin id="87" dir="0" index="1" bw="4" slack="0"/>
<pin id="88" dir="1" index="2" bw="0" slack="2147483647"/>
</pin_list>
<bind>
<opcode="store(28) " fcode="store"/>
<opset="store_ln265/1 "/>
</bind>
</comp>

<comp id="90" class="1004" name="h_2_load_fu_90">
<pin_list>
<pin id="91" dir="0" index="0" bw="4" slack="1"/>
<pin id="92" dir="1" index="1" bw="4" slack="0"/>
</pin_list>
<bind>
<opcode="load(27) " fcode="load"/>
<opset="h_2/2 "/>
</bind>
</comp>

<comp id="93" class="1004" name="zext_ln265_fu_93">
<pin_list>
<pin id="94" dir="0" index="0" bw="4" slack="0"/>
<pin id="95" dir="1" index="1" bw="64" slack="0"/>
</pin_list>
<bind>
<opcode="zext(34) " fcode="zext"/>
<opset="zext_ln265/2 "/>
</bind>
</comp>

<comp id="98" class="1004" name="icmp_ln265_fu_98">
<pin_list>
<pin id="99" dir="0" index="0" bw="4" slack="0"/>
<pin id="100" dir="0" index="1" bw="4" slack="0"/>
<pin id="101" dir="1" index="2" bw="1" slack="2147483647"/>
</pin_list>
<bind>
<opcode="icmp(45) " fcode="icmp"/>
<opset="icmp_ln265/2 "/>
</bind>
</comp>

<comp id="104" class="1004" name="add_ln265_fu_104">
<pin_list>
<pin id="105" dir="0" index="0" bw="4" slack="0"/>
<pin id="106" dir="0" index="1" bw="1" slack="0"/>
<pin id="107" dir="1" index="2" bw="4" slack="0"/>
</pin_list>
<bind>
<opcode="add(8) " fcode="add"/>
<opset="add_ln265/2 "/>
</bind>
</comp>

<comp id="110" class="1004" name="store_ln265_store_fu_110">
<pin_list>
<pin id="111" dir="0" index="0" bw="4" slack="0"/>
<pin id="112" dir="0" index="1" bw="4" slack="1"/>
<pin id="113" dir="1" index="2" bw="0" slack="2147483647"/>
</pin_list>
<bind>
<opcode="store(28) " fcode="store"/>
<opset="store_ln265/2 "/>
</bind>
</comp>

<comp id="115" class="1004" name="store_ln282_store_fu_115">
<pin_list>
<pin id="116" dir="0" index="0" bw="1" slack="0"/>
<pin id="117" dir="0" index="1" bw="3" slack="0"/>
<pin id="118" dir="1" index="2" bw="0" slack="2147483647"/>
</pin_list>
<bind>
<opcode="store(28) " fcode="store"/>
<opset="store_ln282/2 "/>
</bind>
</comp>

<comp id="120" class="1004" name="d_1_load_fu_120">
<pin_list>
<pin id="121" dir="0" index="0" bw="3" slack="1"/>
<pin id="122" dir="1" index="1" bw="3" slack="0"/>
</pin_list>
<bind>
<opcode="load(27) " fcode="load"/>
<opset="d_1/3 "/>
</bind>
</comp>

<comp id="123" class="1004" name="icmp_ln282_fu_123">
<pin_list>
<pin id="124" dir="0" index="0" bw="3" slack="0"/>
<pin id="125" dir="0" index="1" bw="3" slack="0"/>
<pin id="126" dir="1" index="2" bw="1" slack="2147483647"/>
</pin_list>
<bind>
<opcode="icmp(45) " fcode="icmp"/>
<opset="icmp_ln282/3 "/>
</bind>
</comp>

<comp id="129" class="1004" name="add_ln282_fu_129">
<pin_list>
<pin id="130" dir="0" index="0" bw="3" slack="0"/>
<pin id="131" dir="0" index="1" bw="1" slack="0"/>
<pin id="132" dir="1" index="2" bw="3" slack="1"/>
</pin_list>
<bind>
<opcode="add(8) " fcode="add"/>
<opset="add_ln282/3 "/>
</bind>
</comp>

<comp id="135" class="1004" name="empty_45_fu_135">
<pin_list>
<pin id="136" dir="0" index="0" bw="3" slack="0"/>
<pin id="137" dir="1" index="1" bw="2" slack="0"/>
</pin_list>
<bind>
<opcode="trunc(33) " fcode="trunc"/>
<opset="empty_45/3 "/>
</bind>
</comp>

<comp id="139" class="1004" name="tmp_1_fu_139">
<pin_list>
<pin id="140" dir="0" index="0" bw="5" slack="0"/>
<pin id="141" dir="0" index="1" bw="2" slack="0"/>
<pin id="142" dir="0" index="2" bw="2" slack="0"/>
<pin id="143" dir="0" index="3" bw="1" slack="0"/>
<pin id="144" dir="1" index="4" bw="5" slack="0"/>
</pin_list>
<bind>
<opcode="bitconcatenate(1004) " fcode="bitconcatenate"/>
<opset="tmp_1/3 "/>
</bind>
</comp>

<comp id="149" class="1004" name="zext_ln285_fu_149">
<pin_list>
<pin id="150" dir="0" index="0" bw="5" slack="0"/>
<pin id="151" dir="1" index="1" bw="6" slack="1"/>
</pin_list>
<bind>
<opcode="zext(34) " fcode="zext"/>
<opset="zext_ln285/3 "/>
</bind>
</comp>

<comp id="153" class="1004" name="zext_ln285_1_fu_153">
<pin_list>
<pin id="154" dir="0" index="0" bw="4" slack="0"/>
<pin id="155" dir="1" index="1" bw="6" slack="0"/>
</pin_list>
<bind>
<opcode="zext(34) " fcode="zext"/>
<opset="zext_ln285_1/4 "/>
</bind>
</comp>

<comp id="157" class="1004" name="icmp_ln285_fu_157">
<pin_list>
<pin id="158" dir="0" index="0" bw="4" slack="0"/>
<pin id="159" dir="0" index="1" bw="4" slack="0"/>
<pin id="160" dir="1" index="2" bw="1" slack="2147483647"/>
</pin_list>
<bind>
<opcode="icmp(45) " fcode="icmp"/>
<opset="icmp_ln285/4 "/>
</bind>
</comp>

<comp id="163" class="1004" name="add_ln285_fu_163">
<pin_list>
<pin id="164" dir="0" index="0" bw="4" slack="0"/>
<pin id="165" dir="0" index="1" bw="1" slack="0"/>
<pin id="166" dir="1" index="2" bw="4" slack="0"/>
</pin_list>
<bind>
<opcode="add(8) " fcode="add"/>
<opset="add_ln285/4 "/>
</bind>
</comp>

<comp id="169" class="1004" name="add_ln291_fu_169">
<pin_list>
<pin id="170" dir="0" index="0" bw="5" slack="1"/>
<pin id="171" dir="0" index="1" bw="4" slack="0"/>
<pin id="172" dir="1" index="2" bw="6" slack="0"/>
</pin_list>
<bind>
<opcode="add(8) " fcode="add"/>
<opset="add_ln291/4 "/>
</bind>
</comp>

<comp id="174" class="1004" name="zext_ln291_fu_174">
<pin_list>
<pin id="175" dir="0" index="0" bw="6" slack="0"/>
<pin id="176" dir="1" index="1" bw="64" slack="0"/>
</pin_list>
<bind>
<opcode="zext(34) " fcode="zext"/>
<opset="zext_ln291/4 "/>
</bind>
</comp>

<comp id="179" class="1004" name="store_ln282_store_fu_179">
<pin_list>
<pin id="180" dir="0" index="0" bw="3" slack="1"/>
<pin id="181" dir="0" index="1" bw="3" slack="2"/>
<pin id="182" dir="1" index="2" bw="0" slack="2147483647"/>
</pin_list>
<bind>
<opcode="store(28) " fcode="store"/>
<opset="store_ln282/4 "/>
</bind>
</comp>

<comp id="183" class="1005" name="h_reg_183">
<pin_list>
<pin id="184" dir="0" index="0" bw="4" slack="0"/>
<pin id="185" dir="1" index="1" bw="4" slack="0"/>
</pin_list>
<bind>
<opset="h "/>
</bind>
</comp>

<comp id="193" class="1005" name="d_reg_193">
<pin_list>
<pin id="194" dir="0" index="0" bw="3" slack="0"/>
<pin id="195" dir="1" index="1" bw="3" slack="0"/>
</pin_list>
<bind>
<opset="d "/>
</bind>
</comp>

<comp id="203" class="1005" name="add_ln282_reg_203">
<pin_list>
<pin id="204" dir="0" index="0" bw="3" slack="1"/>
<pin id="205" dir="1" index="1" bw="3" slack="1"/>
</pin_list>
<bind>
<opset="add_ln282 "/>
</bind>
</comp>

<comp id="208" class="1005" name="zext_ln285_reg_208">
<pin_list>
<pin id="209" dir="0" index="0" bw="6" slack="1"/>
<pin id="210" dir="1" index="1" bw="6" slack="1"/>
</pin_list>
<bind>
<opset="zext_ln285 "/>
</bind>
</comp>

<comp id="216" class="1005" name="add_ln285_reg_216">
<pin_list>
<pin id="217" dir="0" index="0" bw="4" slack="0"/>
<pin id="218" dir="1" index="1" bw="4" slack="0"/>
</pin_list>
<bind>
<opset="add_ln285 "/>
</bind>
</comp>

</comp_list>

<net_list>
<net id="41"><net_src comp="4" pin="0"/><net_sink comp="38" pin=0"/></net>

<net id="45"><net_src comp="4" pin="0"/><net_sink comp="42" pin=0"/></net>

<net id="51"><net_src comp="2" pin="0"/><net_sink comp="46" pin=0"/></net>

<net id="52"><net_src comp="20" pin="0"/><net_sink comp="46" pin=1"/></net>

<net id="58"><net_src comp="22" pin="0"/><net_sink comp="53" pin=1"/></net>

<net id="59"><net_src comp="46" pin="3"/><net_sink comp="53" pin=0"/></net>

<net id="65"><net_src comp="0" pin="0"/><net_sink comp="60" pin=0"/></net>

<net id="66"><net_src comp="20" pin="0"/><net_sink comp="60" pin=1"/></net>

<net id="72"><net_src comp="22" pin="0"/><net_sink comp="67" pin=1"/></net>

<net id="73"><net_src comp="60" pin="3"/><net_sink comp="67" pin=0"/></net>

<net id="77"><net_src comp="6" pin="0"/><net_sink comp="74" pin=0"/></net>

<net id="84"><net_src comp="74" pin="1"/><net_sink comp="78" pin=0"/></net>

<net id="89"><net_src comp="6" pin="0"/><net_sink comp="85" pin=0"/></net>

<net id="96"><net_src comp="90" pin="1"/><net_sink comp="93" pin=0"/></net>

<net id="97"><net_src comp="93" pin="1"/><net_sink comp="46" pin=2"/></net>

<net id="102"><net_src comp="90" pin="1"/><net_sink comp="98" pin=0"/></net>

<net id="103"><net_src comp="8" pin="0"/><net_sink comp="98" pin=1"/></net>

<net id="108"><net_src comp="90" pin="1"/><net_sink comp="104" pin=0"/></net>

<net id="109"><net_src comp="14" pin="0"/><net_sink comp="104" pin=1"/></net>

<net id="114"><net_src comp="104" pin="2"/><net_sink comp="110" pin=0"/></net>

<net id="119"><net_src comp="24" pin="0"/><net_sink comp="115" pin=0"/></net>

<net id="127"><net_src comp="120" pin="1"/><net_sink comp="123" pin=0"/></net>

<net id="128"><net_src comp="26" pin="0"/><net_sink comp="123" pin=1"/></net>

<net id="133"><net_src comp="120" pin="1"/><net_sink comp="129" pin=0"/></net>

<net id="134"><net_src comp="30" pin="0"/><net_sink comp="129" pin=1"/></net>

<net id="138"><net_src comp="120" pin="1"/><net_sink comp="135" pin=0"/></net>

<net id="145"><net_src comp="34" pin="0"/><net_sink comp="139" pin=0"/></net>

<net id="146"><net_src comp="135" pin="1"/><net_sink comp="139" pin=1"/></net>

<net id="147"><net_src comp="135" pin="1"/><net_sink comp="139" pin=2"/></net>

<net id="148"><net_src comp="22" pin="0"/><net_sink comp="139" pin=3"/></net>

<net id="152"><net_src comp="139" pin="4"/><net_sink comp="149" pin=0"/></net>

<net id="156"><net_src comp="78" pin="4"/><net_sink comp="153" pin=0"/></net>

<net id="161"><net_src comp="78" pin="4"/><net_sink comp="157" pin=0"/></net>

<net id="162"><net_src comp="8" pin="0"/><net_sink comp="157" pin=1"/></net>

<net id="167"><net_src comp="78" pin="4"/><net_sink comp="163" pin=0"/></net>

<net id="168"><net_src comp="14" pin="0"/><net_sink comp="163" pin=1"/></net>

<net id="173"><net_src comp="153" pin="1"/><net_sink comp="169" pin=1"/></net>

<net id="177"><net_src comp="169" pin="2"/><net_sink comp="174" pin=0"/></net>

<net id="178"><net_src comp="174" pin="1"/><net_sink comp="60" pin=2"/></net>

<net id="186"><net_src comp="38" pin="1"/><net_sink comp="183" pin=0"/></net>

<net id="187"><net_src comp="183" pin="1"/><net_sink comp="85" pin=1"/></net>

<net id="188"><net_src comp="183" pin="1"/><net_sink comp="90" pin=0"/></net>

<net id="189"><net_src comp="183" pin="1"/><net_sink comp="110" pin=1"/></net>

<net id="196"><net_src comp="42" pin="1"/><net_sink comp="193" pin=0"/></net>

<net id="197"><net_src comp="193" pin="1"/><net_sink comp="115" pin=1"/></net>

<net id="198"><net_src comp="193" pin="1"/><net_sink comp="120" pin=0"/></net>

<net id="199"><net_src comp="193" pin="1"/><net_sink comp="179" pin=1"/></net>

<net id="206"><net_src comp="129" pin="2"/><net_sink comp="203" pin=0"/></net>

<net id="207"><net_src comp="203" pin="1"/><net_sink comp="179" pin=0"/></net>

<net id="211"><net_src comp="149" pin="1"/><net_sink comp="208" pin=0"/></net>

<net id="212"><net_src comp="208" pin="1"/><net_sink comp="169" pin=0"/></net>

<net id="219"><net_src comp="163" pin="2"/><net_sink comp="216" pin=0"/></net>

<net id="220"><net_src comp="216" pin="1"/><net_sink comp="78" pin=2"/></net>

</net_list>

</model> 
---------------- Datapath Model END ------------------

* FSMD analyzer results:
  - Output states:
	Port: EncoderWeightChanges | {4 }
	Port: TotalErrorDeltas | {2 }
 - Input state : 
  - Chain level:
	State 1
		store_ln265 : 1
	State 2
		zext_ln265 : 1
		icmp_ln265 : 1
		add_ln265 : 1
		br_ln265 : 2
		TotalErrorDeltas_addr : 2
		store_ln267 : 3
		store_ln265 : 2
		store_ln282 : 1
	State 3
		icmp_ln282 : 1
		add_ln282 : 1
		br_ln282 : 2
		empty_45 : 1
		tmp_1 : 2
		zext_ln285 : 3
	State 4
		zext_ln285_1 : 1
		icmp_ln285 : 1
		add_ln285 : 1
		br_ln285 : 2
		add_ln291 : 2
		zext_ln291 : 3
		EncoderWeightChanges_addr : 4
		store_ln291 : 5


============================================================
+ Verbose Summary: Datapath Resource usage 
============================================================

* Functional unit list:
|----------|---------------------|---------|---------|
| Operation|   Functional Unit   |    FF   |   LUT   |
|----------|---------------------|---------|---------|
|          |   add_ln265_fu_104  |    0    |    13   |
|    add   |   add_ln282_fu_129  |    0    |    11   |
|          |   add_ln285_fu_163  |    0    |    13   |
|          |   add_ln291_fu_169  |    0    |    13   |
|----------|---------------------|---------|---------|
|          |   icmp_ln265_fu_98  |    0    |    9    |
|   icmp   |  icmp_ln282_fu_123  |    0    |    8    |
|          |  icmp_ln285_fu_157  |    0    |    9    |
|----------|---------------------|---------|---------|
|          |   zext_ln265_fu_93  |    0    |    0    |
|   zext   |  zext_ln285_fu_149  |    0    |    0    |
|          | zext_ln285_1_fu_153 |    0    |    0    |
|          |  zext_ln291_fu_174  |    0    |    0    |
|----------|---------------------|---------|---------|
|   trunc  |   empty_45_fu_135   |    0    |    0    |
|----------|---------------------|---------|---------|
|bitconcatenate|     tmp_1_fu_139    |    0    |    0    |
|----------|---------------------|---------|---------|
|   Total  |                     |    0    |    76   |
|----------|---------------------|---------|---------|

Memories:
N/A

* Register list:
+------------------+--------+
|                  |   FF   |
+------------------+--------+
| add_ln282_reg_203|    3   |
| add_ln285_reg_216|    4   |
|     d_reg_193    |    3   |
|    h_1_reg_74    |    4   |
|     h_reg_183    |    4   |
|zext_ln285_reg_208|    6   |
+------------------+--------+
|       Total      |   24   |
+------------------+--------+

* Multiplexer (MUX) list: 
|--------|------|------|------|--------|
|  Comp  |  Pin | Size |  BW  | S x BW |
|--------|------|------|------|--------|
|  Total |      |      |      |    0   |
|--------|------|------|------|--------|



* Summary:
+-----------+--------+--------+
|           |   FF   |   LUT  |
+-----------+--------+--------+
|  Function |    0   |   76   |
|   Memory  |    -   |    -   |
|Multiplexer|    -   |    -   |
|  Register |   24   |    -   |
+-----------+--------+--------+
|   Total   |   24   |   76   |
+-----------+--------+--------+
